<?xml version="1.0" encoding="UTF-8"?>
<!-- Generated by org.testng.reporters.JUnitXMLReporter -->
<testsuite ignored="0" hostname="DESKTOP-3B2RU83" failures="0" tests="14" name="AccountPage Test" time="4.997" errors="0" timestamp="16 Oct 2023 18:16:35 GMT">
  <testcase classname="Com.qa.Opencart.BaseTest.BasePageTest" name="@BeforeTest SetUp" time="4.638">
    <failure type="org.openqa.selenium.SessionNotCreatedException" message="Could not start a new session. Response code 500. Message: unknown error: cannot find Chrome binary 
Host info: host: &amp;apos;DESKTOP-3B2RU83&amp;apos;, ip: &amp;apos;192.168.0.9&amp;apos;
Build info: version: &amp;apos;4.8.3&amp;apos;, revision: &amp;apos;e5e76298c3&amp;apos;
System info: os.name: &amp;apos;Windows 11&amp;apos;, os.arch: &amp;apos;amd64&amp;apos;, os.version: &amp;apos;10.0&amp;apos;, java.version: &amp;apos;17.0.3.1&amp;apos;
Driver info: org.openqa.selenium.chrome.ChromeDriver
Command: [null, newSession {capabilities=[Capabilities {browserName: chrome, goog:chromeOptions: {args: [remote-allow-origins=*, --incognito], extensions: []}}], desiredCapabilities=Capabilities {browserName: chrome, goog:chromeOptions: {args: [remote-allow-origins=*, --incognito], extensions: []}}}]">
      <![CDATA[org.openqa.selenium.SessionNotCreatedException: Could not start a new session. Response code 500. Message: unknown error: cannot find Chrome binary 
Host info: host: 'DESKTOP-3B2RU83', ip: '192.168.0.9'
Build info: version: '4.8.3', revision: 'e5e76298c3'
System info: os.name: 'Windows 11', os.arch: 'amd64', os.version: '10.0', java.version: '17.0.3.1'
Driver info: org.openqa.selenium.chrome.ChromeDriver
Command: [null, newSession {capabilities=[Capabilities {browserName: chrome, goog:chromeOptions: {args: [remote-allow-origins=*, --incognito], extensions: []}}], desiredCapabilities=Capabilities {browserName: chrome, goog:chromeOptions: {args: [remote-allow-origins=*, --incognito], extensions: []}}}]
at org.openqa.selenium.remote.ProtocolHandshake.createSession(ProtocolHandshake.java:148)
at org.openqa.selenium.remote.ProtocolHandshake.createSession(ProtocolHandshake.java:106)
at org.openqa.selenium.remote.ProtocolHandshake.createSession(ProtocolHandshake.java:67)
at org.openqa.selenium.remote.HttpCommandExecutor.execute(HttpCommandExecutor.java:165)
at org.openqa.selenium.remote.service.DriverCommandExecutor.invokeExecute(DriverCommandExecutor.java:183)
at org.openqa.selenium.remote.service.DriverCommandExecutor.execute(DriverCommandExecutor.java:158)
at org.openqa.selenium.remote.RemoteWebDriver.execute(RemoteWebDriver.java:543)
at org.openqa.selenium.remote.RemoteWebDriver.startSession(RemoteWebDriver.java:229)
at org.openqa.selenium.remote.RemoteWebDriver.<init>(RemoteWebDriver.java:157)
at org.openqa.selenium.chromium.ChromiumDriver.<init>(ChromiumDriver.java:101)
at org.openqa.selenium.chrome.ChromeDriver.<init>(ChromeDriver.java:88)
at org.openqa.selenium.chrome.ChromeDriver.<init>(ChromeDriver.java:84)
at org.openqa.selenium.chrome.ChromeDriver.<init>(ChromeDriver.java:73)
at com.qa.Opencart.DriverFactory.DriverFactory.InitDriver(DriverFactory.java:46)
at Com.qa.Opencart.BaseTest.BasePageTest.SetUp(BasePageTest.java:43)
at java.base/jdk.internal.reflect.NativeMethodAccessorImpl.invoke0(Native Method)
at java.base/jdk.internal.reflect.NativeMethodAccessorImpl.invoke(NativeMethodAccessorImpl.java:77)
at java.base/jdk.internal.reflect.DelegatingMethodAccessorImpl.invoke(DelegatingMethodAccessorImpl.java:43)
at java.base/java.lang.reflect.Method.invoke(Method.java:568)
at org.testng.internal.MethodInvocationHelper.invokeMethod(MethodInvocationHelper.java:124)
at org.testng.internal.MethodInvocationHelper.invokeMethodConsideringTimeout(MethodInvocationHelper.java:59)
at org.testng.internal.Invoker.invokeConfigurationMethod(Invoker.java:458)
at org.testng.internal.Invoker.invokeConfigurations(Invoker.java:222)
at org.testng.internal.Invoker.invokeConfigurations(Invoker.java:142)
at org.testng.TestRunner.beforeRun(TestRunner.java:529)
at org.testng.TestRunner.run(TestRunner.java:497)
at org.testng.SuiteRunner.runTest(SuiteRunner.java:455)
at org.testng.SuiteRunner.access$000(SuiteRunner.java:40)
at org.testng.SuiteRunner$SuiteWorker.run(SuiteRunner.java:489)
at org.testng.internal.thread.ThreadUtil$1.call(ThreadUtil.java:52)
at java.base/java.util.concurrent.FutureTask.run(FutureTask.java:264)
at java.base/java.util.concurrent.ThreadPoolExecutor.runWorker(ThreadPoolExecutor.java:1136)
at java.base/java.util.concurrent.ThreadPoolExecutor$Worker.run(ThreadPoolExecutor.java:635)
at java.base/java.lang.Thread.run(Thread.java:833)
]]>
    </failure>
  </testcase> <!-- @BeforeTest SetUp -->
  <testcase classname="Com.qa.Opencart.BaseTest.BasePageTest" name="@BeforeTest SetUp" time="4.638">
    <failure type="org.openqa.selenium.SessionNotCreatedException" message="Could not start a new session. Response code 500. Message: unknown error: cannot find Chrome binary 
Host info: host: &amp;apos;DESKTOP-3B2RU83&amp;apos;, ip: &amp;apos;192.168.0.9&amp;apos;
Build info: version: &amp;apos;4.8.3&amp;apos;, revision: &amp;apos;e5e76298c3&amp;apos;
System info: os.name: &amp;apos;Windows 11&amp;apos;, os.arch: &amp;apos;amd64&amp;apos;, os.version: &amp;apos;10.0&amp;apos;, java.version: &amp;apos;17.0.3.1&amp;apos;
Driver info: org.openqa.selenium.chrome.ChromeDriver
Command: [null, newSession {capabilities=[Capabilities {browserName: chrome, goog:chromeOptions: {args: [remote-allow-origins=*, --incognito], extensions: []}}], desiredCapabilities=Capabilities {browserName: chrome, goog:chromeOptions: {args: [remote-allow-origins=*, --incognito], extensions: []}}}]">
      <![CDATA[org.openqa.selenium.SessionNotCreatedException: Could not start a new session. Response code 500. Message: unknown error: cannot find Chrome binary 
Host info: host: 'DESKTOP-3B2RU83', ip: '192.168.0.9'
Build info: version: '4.8.3', revision: 'e5e76298c3'
System info: os.name: 'Windows 11', os.arch: 'amd64', os.version: '10.0', java.version: '17.0.3.1'
Driver info: org.openqa.selenium.chrome.ChromeDriver
Command: [null, newSession {capabilities=[Capabilities {browserName: chrome, goog:chromeOptions: {args: [remote-allow-origins=*, --incognito], extensions: []}}], desiredCapabilities=Capabilities {browserName: chrome, goog:chromeOptions: {args: [remote-allow-origins=*, --incognito], extensions: []}}}]
at org.openqa.selenium.remote.ProtocolHandshake.createSession(ProtocolHandshake.java:148)
at org.openqa.selenium.remote.ProtocolHandshake.createSession(ProtocolHandshake.java:106)
at org.openqa.selenium.remote.ProtocolHandshake.createSession(ProtocolHandshake.java:67)
at org.openqa.selenium.remote.HttpCommandExecutor.execute(HttpCommandExecutor.java:165)
at org.openqa.selenium.remote.service.DriverCommandExecutor.invokeExecute(DriverCommandExecutor.java:183)
at org.openqa.selenium.remote.service.DriverCommandExecutor.execute(DriverCommandExecutor.java:158)
at org.openqa.selenium.remote.RemoteWebDriver.execute(RemoteWebDriver.java:543)
at org.openqa.selenium.remote.RemoteWebDriver.startSession(RemoteWebDriver.java:229)
at org.openqa.selenium.remote.RemoteWebDriver.<init>(RemoteWebDriver.java:157)
at org.openqa.selenium.chromium.ChromiumDriver.<init>(ChromiumDriver.java:101)
at org.openqa.selenium.chrome.ChromeDriver.<init>(ChromeDriver.java:88)
at org.openqa.selenium.chrome.ChromeDriver.<init>(ChromeDriver.java:84)
at org.openqa.selenium.chrome.ChromeDriver.<init>(ChromeDriver.java:73)
at com.qa.Opencart.DriverFactory.DriverFactory.InitDriver(DriverFactory.java:46)
at Com.qa.Opencart.BaseTest.BasePageTest.SetUp(BasePageTest.java:43)
at java.base/jdk.internal.reflect.NativeMethodAccessorImpl.invoke0(Native Method)
at java.base/jdk.internal.reflect.NativeMethodAccessorImpl.invoke(NativeMethodAccessorImpl.java:77)
at java.base/jdk.internal.reflect.DelegatingMethodAccessorImpl.invoke(DelegatingMethodAccessorImpl.java:43)
at java.base/java.lang.reflect.Method.invoke(Method.java:568)
at org.testng.internal.MethodInvocationHelper.invokeMethod(MethodInvocationHelper.java:124)
at org.testng.internal.MethodInvocationHelper.invokeMethodConsideringTimeout(MethodInvocationHelper.java:59)
at org.testng.internal.Invoker.invokeConfigurationMethod(Invoker.java:458)
at org.testng.internal.Invoker.invokeConfigurations(Invoker.java:222)
at org.testng.internal.Invoker.invokeConfigurations(Invoker.java:142)
at org.testng.TestRunner.beforeRun(TestRunner.java:529)
at org.testng.TestRunner.run(TestRunner.java:497)
at org.testng.SuiteRunner.runTest(SuiteRunner.java:455)
at org.testng.SuiteRunner.access$000(SuiteRunner.java:40)
at org.testng.SuiteRunner$SuiteWorker.run(SuiteRunner.java:489)
at org.testng.internal.thread.ThreadUtil$1.call(ThreadUtil.java:52)
at java.base/java.util.concurrent.FutureTask.run(FutureTask.java:264)
at java.base/java.util.concurrent.ThreadPoolExecutor.runWorker(ThreadPoolExecutor.java:1136)
at java.base/java.util.concurrent.ThreadPoolExecutor$Worker.run(ThreadPoolExecutor.java:635)
at java.base/java.lang.Thread.run(Thread.java:833)
]]>
    </failure>
  </testcase> <!-- @BeforeTest SetUp -->
  <testcase classname="Com.qa.Opencart.LoginPageTest.AccountPageTest" name="@BeforeClass AccountPageSetUp" time="0.0">
    <skipped/>
  </testcase> <!-- @BeforeClass AccountPageSetUp -->
  <testcase classname="Com.qa.Opencart.LoginPageTest.ProductInfoPageTest" name="@BeforeClass productInfoPageSetUp" time="0.0">
    <skipped/>
  </testcase> <!-- @BeforeClass productInfoPageSetUp -->
  <testcase classname="Com.qa.Opencart.BaseTest.BasePageTest" name="@AfterTest TearDown" time="0.0">
    <skipped/>
  </testcase> <!-- @AfterTest TearDown -->
  <testcase classname="Com.qa.Opencart.BaseTest.BasePageTest" name="@AfterTest TearDown" time="0.0">
    <skipped/>
  </testcase> <!-- @AfterTest TearDown -->
  <testcase classname="Com.qa.Opencart.LoginPageTest.AccountPageTest" name="verifyMyAccountLinkDisplay" time="0.0">
    <skipped/>
  </testcase> <!-- verifyMyAccountLinkDisplay -->
  <testcase classname="Com.qa.Opencart.LoginPageTest.AccountPageTest" name="verifyEditAccountLinkDisplayed" time="0.0">
    <skipped/>
  </testcase> <!-- verifyEditAccountLinkDisplayed -->
  <testcase classname="Com.qa.Opencart.LoginPageTest.AccountPageTest" name="verifyPasswordLinkDisplay" time="0.0">
    <skipped/>
  </testcase> <!-- verifyPasswordLinkDisplay -->
  <testcase classname="Com.qa.Opencart.LoginPageTest.AccountPageTest" name="verifySearchBarDisplay" time="0.0">
    <skipped/>
  </testcase> <!-- verifySearchBarDisplay -->
  <testcase classname="Com.qa.Opencart.LoginPageTest.AccountPageTest" name="verifyAccountHeaders" time="0.0">
    <skipped/>
  </testcase> <!-- verifyAccountHeaders -->
  <testcase classname="Com.qa.Opencart.LoginPageTest.AccountPageTest" name="verifyProductCount" time="0.0">
    <skipped/>
  </testcase> <!-- verifyProductCount -->
  <testcase classname="Com.qa.Opencart.LoginPageTest.AccountPageTest" name="verifyProductCount" time="0.0">
    <skipped/>
  </testcase> <!-- verifyProductCount -->
  <testcase classname="Com.qa.Opencart.LoginPageTest.AccountPageTest" name="verifyProductCount" time="0.0">
    <skipped/>
  </testcase> <!-- verifyProductCount -->
  <testcase classname="Com.qa.Opencart.LoginPageTest.AccountPageTest" name="verifyProductData" time="0.0">
    <skipped/>
  </testcase> <!-- verifyProductData -->
  <testcase classname="Com.qa.Opencart.LoginPageTest.AccountPageTest" name="verifyProductData" time="0.0">
    <skipped/>
  </testcase> <!-- verifyProductData -->
  <testcase classname="Com.qa.Opencart.LoginPageTest.AccountPageTest" name="verifyProductData" time="0.0">
    <skipped/>
  </testcase> <!-- verifyProductData -->
  <testcase classname="Com.qa.Opencart.LoginPageTest.AccountPageTest" name="verifyProductData" time="0.0">
    <skipped/>
  </testcase> <!-- verifyProductData -->
  <testcase classname="Com.qa.Opencart.LoginPageTest.AccountPageTest" name="verifyProductData" time="0.0">
    <skipped/>
  </testcase> <!-- verifyProductData -->
  <testcase classname="Com.qa.Opencart.LoginPageTest.AccountPageTest" name="verifyProductData" time="0.0">
    <skipped/>
  </testcase> <!-- verifyProductData -->
</testsuite> <!-- AccountPage Test -->
